0 info it worked if it ends with ok
1 verbose cli [ '/Users/ben/.nvm/v0.10.38/bin/node',
1 verbose cli   '/Users/ben/.nvm/v0.10.38/bin/npm',
1 verbose cli   'run',
1 verbose cli   'serve' ]
2 info using npm@1.4.28
3 info using node@v0.10.38
4 verbose run-script [ 'preserve', 'serve', 'postserve' ]
5 info preserve making-of-history@1.0.0
6 info serve making-of-history@1.0.0
7 verbose unsafe-perm in lifecycle true
8 info making-of-history@1.0.0 Failed to exec serve script
9 error making-of-history@1.0.0 serve: `npm run build && jekyll serve`
9 error Exit status 1
10 error Failed at the making-of-history@1.0.0 serve script.
10 error This is most likely a problem with the making-of-history package,
10 error not with npm itself.
10 error Tell the author that this fails on your system:
10 error     npm run build && jekyll serve
10 error You can get their info via:
10 error     npm owner ls making-of-history
10 error There is likely additional logging output above.
11 error System Darwin 14.4.0
12 error command "/Users/ben/.nvm/v0.10.38/bin/node" "/Users/ben/.nvm/v0.10.38/bin/npm" "run" "serve"
13 error cwd /Users/ben/Dev/Git/making-of-history
14 error node -v v0.10.38
15 error npm -v 1.4.28
16 error code ELIFECYCLE
17 verbose exit [ 1, true ]
